#
# There is insufficient memory for the Java Runtime Environment to continue.
# Native memory allocation (malloc) failed to allocate 32744 bytes for ChunkPool::allocate
# Possible reasons:
#   The system is out of physical RAM or swap space
#   The process is running with CompressedOops enabled, and the Java Heap may be blocking the growth of the native heap
# Possible solutions:
#   Reduce memory load on the system
#   Increase physical memory or swap space
#   Check if swap backing store is full
#   Decrease Java heap size (-Xmx/-Xms)
#   Decrease number of Java threads
#   Decrease Java thread stack sizes (-Xss)
#   Set larger code cache with -XX:ReservedCodeCacheSize=
#   JVM is running with Unscaled Compressed Oops mode in which the Java heap is
#     placed in the first 4GB address space. The Java Heap base address is the
#     maximum limit for the native heap growth. Please use -XX:HeapBaseMinAddress
#     to set the Java Heap base and to place the Java Heap above 4GB virtual address.
# This output file may be truncated or incomplete.
#
#  Out of Memory Error (allocation.cpp:272), pid=26668, tid=0x0000000000006f70
#
# JRE version: OpenJDK Runtime Environment (8.0_202-b03) (build 1.8.0_202-release-1483-b03)
# Java VM: OpenJDK 64-Bit Server VM (25.202-b03 mixed mode windows-amd64 compressed oops)
# Failed to write core dump. Minidumps are not enabled by default on client versions of Windows
#

---------------  T H R E A D  ---------------

Current thread (0x00000000198a9000):  JavaThread "Daemon worker" [_thread_in_vm, id=28528, stack(0x000000001a8c0000,0x000000001a9c0000)]

Stack: [0x000000001a8c0000,0x000000001a9c0000]
[error occurred during error reporting (printing stack bounds), id 0xc0000005]

Native frames: (J=compiled Java code, j=interpreted, Vv=VM code, C=native code)

Java frames: (J=compiled Java code, j=interpreted, Vv=VM code)
J 822  java.lang.ClassLoader.defineClass1(Ljava/lang/String;[BIILjava/security/ProtectionDomain;Ljava/lang/String;)Ljava/lang/Class; (0 bytes) @ 0x00000000031b781f [0x00000000031b7780+0x9f]
J 499 C1 java.lang.ClassLoader.defineClass(Ljava/lang/String;[BIILjava/security/ProtectionDomain;)Ljava/lang/Class; (43 bytes) @ 0x00000000030931a4 [0x0000000003092bc0+0x5e4]
J 444 C1 java.net.URLClassLoader.defineClass(Ljava/lang/String;Lsun/misc/Resource;)Ljava/lang/Class; (142 bytes) @ 0x00000000030661e4 [0x0000000003064680+0x1b64]
J 327 C1 java.net.URLClassLoader$1.run()Ljava/lang/Class; (63 bytes) @ 0x00000000030209ec [0x0000000003020720+0x2cc]
J 326 C1 java.net.URLClassLoader$1.run()Ljava/lang/Object; (5 bytes) @ 0x000000000302038c [0x0000000003020300+0x8c]
v  ~StubRoutines::call_stub
J 272  java.security.AccessController.doPrivileged(Ljava/security/PrivilegedExceptionAction;Ljava/security/AccessControlContext;)Ljava/lang/Object; (0 bytes) @ 0x0000000003003826 [0x00000000030037c0+0x66]
J 1445 C2 java.net.URLClassLoader.findClass(Ljava/lang/String;)Ljava/lang/Class; (47 bytes) @ 0x0000000003359570 [0x00000000033594e0+0x90]
J 1391 C2 java.lang.ClassLoader.loadClass(Ljava/lang/String;Z)Ljava/lang/Class; (122 bytes) @ 0x000000000332c8f4 [0x000000000332b900+0xff4]
J 310 C1 java.lang.ClassLoader.loadClass(Ljava/lang/String;)Ljava/lang/Class; (7 bytes) @ 0x000000000301bd8c [0x000000000301bc80+0x10c]
v  ~StubRoutines::call_stub
j  org.gradle.internal.instantiation.AsmBackedClassGenerator$ClassBuilderImpl.mixInGroovyObject()V+24
j  org.gradle.internal.instantiation.AbstractClassGenerator$DslMixInPropertyType.applyTo(Lorg/gradle/internal/instantiation/AbstractClassGenerator$ClassGenerationVisitor;)V+21
j  org.gradle.internal.instantiation.AbstractClassGenerator.generateUnderLock(Ljava/lang/Class;)Lorg/gradle/internal/instantiation/ClassGenerator$GeneratedClass;+485
j  org.gradle.internal.instantiation.AbstractClassGenerator.generate(Ljava/lang/Class;)Lorg/gradle/internal/instantiation/ClassGenerator$GeneratedClass;+10
j  org.gradle.internal.instantiation.AsmBackedClassGenerator.generate(Ljava/lang/Class;)Lorg/gradle/internal/instantiation/ClassGenerator$GeneratedClass;+2
j  org.gradle.internal.instantiation.ParamsMatchingConstructorSelector$1.transform(Ljava/lang/Class;)Lorg/gradle/internal/instantiation/ClassGenerator$GeneratedClass;+11
j  org.gradle.internal.instantiation.ParamsMatchingConstructorSelector$1.transform(Ljava/lang/Object;)Ljava/lang/Object;+5
j  org.gradle.cache.internal.DefaultCrossBuildInMemoryCacheFactory$DefaultCrossBuildInMemoryCache.get(Ljava/lang/Object;Lorg/gradle/api/Transformer;)Ljava/lang/Object;+26
j  org.gradle.internal.instantiation.ParamsMatchingConstructorSelector.forParams(Ljava/lang/Class;[Ljava/lang/Object;)Lorg/gradle/internal/instantiation/ClassGenerator$GeneratedConstructor;+14
j  org.gradle.internal.instantiation.DependencyInjectingInstantiator.newInstance(Ljava/lang/Class;[Ljava/lang/Object;)Ljava/lang/Object;+6
j  org.gradle.plugin.internal.PluginUsePluginServiceRegistry$BuildScopeServices.createPluginResolutionStrategy(Lorg/gradle/internal/reflect/Instantiator;Lorg/gradle/internal/event/ListenerManager;)Lorg/gradle/plugin/management/internal/PluginResolutionStrategyInternal;+11
v  ~StubRoutines::call_stub
j  sun.reflect.NativeMethodAccessorImpl.invoke0(Ljava/lang/reflect/Method;Ljava/lang/Object;[Ljava/lang/Object;)Ljava/lang/Object;+0
j  sun.reflect.NativeMethodAccessorImpl.invoke(Ljava/lang/Object;[Ljava/lang/Object;)Ljava/lang/Object;+100
J 1160 C1 sun.reflect.DelegatingMethodAccessorImpl.invoke(Ljava/lang/Object;[Ljava/lang/Object;)Ljava/lang/Object; (10 bytes) @ 0x000000000328b784 [0x000000000328b680+0x104]
J 1159 C1 java.lang.reflect.Method.invoke(Ljava/lang/Object;[Ljava/lang/Object;)Ljava/lang/Object; (62 bytes) @ 0x000000000328b1ac [0x000000000328adc0+0x3ec]
j  org.gradle.internal.reflect.JavaMethod.invoke(Ljava/lang/Object;[Ljava/lang/Object;)Ljava/lang/Object;+6
j  org.gradle.internal.service.ReflectionBasedServiceMethod.invoke(Ljava/lang/Object;[Ljava/lang/Object;)Ljava/lang/Object;+6
j  org.gradle.internal.service.DefaultServiceRegistry$FactoryMethodService.invokeMethod([Ljava/lang/Object;)Ljava/lang/Object;+9
j  org.gradle.internal.service.DefaultServiceRegistry$FactoryService.create()Ljava/lang/Object;+7
j  org.gradle.internal.service.DefaultServiceRegistry$ManagedObjectServiceProvider.getInstance()Ljava/lang/Object;+24
J 1553 C1 org.gradle.internal.service.DefaultServiceRegistry$SingletonService.get()Ljava/lang/Object; (5 bytes) @ 0x0000000003397d34 [0x0000000003397c40+0xf4]
j  org.gradle.internal.service.DefaultServiceRegistry$FactoryService.assembleParameters()[Ljava/lang/Object;+44
j  org.gradle.internal.service.DefaultServiceRegistry$FactoryService.create()Ljava/lang/Object;+1
j  org.gradle.internal.service.DefaultServiceRegistry$ManagedObjectServiceProvider.getInstance()Ljava/lang/Object;+24
J 1553 C1 org.gradle.internal.service.DefaultServiceRegistry$SingletonService.get()Ljava/lang/Object; (5 bytes) @ 0x0000000003397d34 [0x0000000003397c40+0xf4]
j  org.gradle.internal.service.DefaultServiceRegistry.find(Ljava/lang/reflect/Type;)Ljava/lang/Object;+22
j  org.gradle.internal.service.DefaultServiceRegistry.get(Ljava/lang/reflect/Type;)Ljava/lang/Object;+2
j  org.gradle.internal.service.DefaultServiceRegistry.get(Ljava/lang/Class;)Ljava/lang/Object;+3
j  org.gradle.internal.service.scopes.BuildScopeServices.defaultScriptPluginFactory()Lorg/gradle/configuration/DefaultScriptPluginFactory;+40
j  org.gradle.internal.service.scopes.BuildScopeServices.createScriptPluginFactory(Lorg/gradle/internal/instantiation/InstantiatorFactory;Lorg/gradle/internal/operations/BuildOperationExecutor;Lorg/gradle/configuration/internal/UserCodeApplicationContext;)Lorg/gradle/configuration/ScriptPluginFactory;+1
v  ~StubRoutines::call_stub
j  sun.reflect.NativeMethodAccessorImpl.invoke0(Ljava/lang/reflect/Method;Ljava/lang/Object;[Ljava/lang/Object;)Ljava/lang/Object;+0
j  sun.reflect.NativeMethodAccessorImpl.invoke(Ljava/lang/Object;[Ljava/lang/Object;)Ljava/lang/Object;+100
J 1160 C1 sun.reflect.DelegatingMethodAccessorImpl.invoke(Ljava/lang/Object;[Ljava/lang/Object;)Ljava/lang/Object; (10 bytes) @ 0x000000000328b784 [0x000000000328b680+0x104]
J 1159 C1 java.lang.reflect.Method.invoke(Ljava/lang/Object;[Ljava/lang/Object;)Ljava/lang/Object; (62 bytes) @ 0x000000000328b1ac [0x000000000328adc0+0x3ec]
j  org.gradle.internal.reflect.JavaMethod.invoke(Ljava/lang/Object;[Ljava/lang/Object;)Ljava/lang/Object;+6
j  org.gradle.internal.service.ReflectionBasedServiceMethod.invoke(Ljava/lang/Object;[Ljava/lang/Object;)Ljava/lang/Object;+6
j  org.gradle.internal.service.DefaultServiceRegistry$FactoryMethodService.invokeMethod([Ljava/lang/Object;)Ljava/lang/Object;+9
j  org.gradle.internal.service.DefaultServiceRegistry$FactoryService.create()Ljava/lang/Object;+7
j  org.gradle.internal.service.DefaultServiceRegistry$ManagedObjectServiceProvider.getInstance()Ljava/lang/Object;+24
j  org.gradle.internal.service.DefaultServiceRegistry$SingletonService.get()Ljava/lang/Object;+1
j  org.gradle.internal.service.DefaultServiceRegistry$FactoryService.assembleParameters()[Ljava/lang/Object;+44
j  org.gradle.internal.service.DefaultServiceRegistry$FactoryService.create()Ljava/lang/Object;+1
j  org.gradle.internal.service.DefaultServiceRegistry$ManagedObjectServiceProvider.getInstance()Ljava/lang/Object;+24
j  org.gradle.internal.service.DefaultServiceRegistry$SingletonService.get()Ljava/lang/Object;+1
j  org.gradle.internal.service.DefaultServiceRegistry$FactoryService.assembleParameters()[Ljava/lang/Object;+44
j  org.gradle.internal.service.DefaultServiceRegistry$FactoryService.create()Ljava/lang/Object;+1
j  org.gradle.internal.service.DefaultServiceRegistry$ManagedObjectServiceProvider.getInstance()Ljava/lang/Object;+24
j  org.gradle.internal.service.DefaultServiceRegistry$SingletonService.get()Ljava/lang/Object;+1
j  org.gradle.internal.service.DefaultServiceRegistry.find(Ljava/lang/reflect/Type;)Ljava/lang/Object;+22
j  org.gradle.internal.service.DefaultServiceRegistry.get(Ljava/lang/reflect/Type;)Ljava/lang/Object;+2
j  org.gradle.internal.service.DefaultServiceRegistry.get(Ljava/lang/Class;)Ljava/lang/Object;+3
j  org.gradle.initialization.DefaultGradleLauncherFactory.doNewInstance(Lorg/gradle/api/internal/BuildDefinition;Lorg/gradle/internal/build/BuildState;Lorg/gradle/initialization/GradleLauncher;Lorg/gradle/internal/service/scopes/BuildTreeScopeServices;Ljava/util/List;)Lorg/gradle/initialization/DefaultGradleLauncher;+227
j  org.gradle.initialization.DefaultGradleLauncherFactory.newInstance(Lorg/gradle/api/internal/BuildDefinition;Lorg/gradle/internal/build/RootBuildState;Lorg/gradle/internal/service/scopes/BuildTreeScopeServices;)Lorg/gradle/initialization/GradleLauncher;+33
j  org.gradle.composite.internal.DefaultRootBuildState.<init>(Lorg/gradle/api/internal/BuildDefinition;Lorg/gradle/initialization/GradleLauncherFactory;Lorg/gradle/internal/event/ListenerManager;Lorg/gradle/internal/service/scopes/BuildTreeScopeServices;)V+15
j  org.gradle.composite.internal.DefaultIncludedBuildRegistry.createRootBuild(Lorg/gradle/api/internal/BuildDefinition;)Lorg/gradle/internal/build/RootBuildState;+35
j  org.gradle.launcher.exec.InProcessBuildActionExecuter.execute(Lorg/gradle/internal/invocation/BuildAction;Lorg/gradle/initialization/BuildRequestContext;Lorg/gradle/launcher/exec/BuildActionParameters;Lorg/gradle/internal/service/ServiceRegistry;)Lorg/gradle/launcher/exec/BuildActionResult;+61
j  org.gradle.launcher.exec.InProcessBuildActionExecuter.execute(Lorg/gradle/internal/invocation/BuildAction;Lorg/gradle/initialization/BuildRequestContext;Ljava/lang/Object;Lorg/gradle/internal/service/ServiceRegistry;)Lorg/gradle/launcher/exec/BuildActionResult;+9
j  org.gradle.launcher.exec.BuildTreeScopeBuildActionExecuter.execute(Lorg/gradle/internal/invocation/BuildAction;Lorg/gradle/initialization/BuildRequestContext;Lorg/gradle/launcher/exec/BuildActionParameters;Lorg/gradle/internal/service/ServiceRegistry;)Lorg/gradle/launcher/exec/BuildActionResult;+38
j  org.gradle.launcher.exec.BuildTreeScopeBuildActionExecuter.execute(Lorg/gradle/internal/invocation/BuildAction;Lorg/gradle/initialization/BuildRequestContext;Ljava/lang/Object;Lorg/gradle/internal/service/ServiceRegistry;)Lorg/gradle/launcher/exec/BuildActionResult;+9
j  org.gradle.tooling.internal.provider.ContinuousBuildActionExecuter.execute(Lorg/gradle/internal/invocation/BuildAction;Lorg/gradle/initialization/BuildRequestContext;Lorg/gradle/launcher/exec/BuildActionParameters;Lorg/gradle/internal/service/ServiceRegistry;)Lorg/gradle/launcher/exec/BuildActionResult;+58
j  org.gradle.tooling.internal.provider.ContinuousBuildActionExecuter.execute(Lorg/gradle/internal/invocation/BuildAction;Lorg/gradle/initialization/BuildRequestContext;Ljava/lang/Object;Lorg/gradle/internal/service/ServiceRegistry;)Lorg/gradle/launcher/exec/BuildActionResult;+9
j  org.gradle.tooling.internal.provider.SubscribableBuildActionExecuter.execute(Lorg/gradle/internal/invocation/BuildAction;Lorg/gradle/initialization/BuildRequestContext;Lorg/gradle/launcher/exec/BuildActionParameters;Lorg/gradle/internal/service/ServiceRegistry;)Lorg/gradle/launcher/exec/BuildActionResult;+45
j  org.gradle.tooling.internal.provider.SubscribableBuildActionExecuter.execute(Lorg/gradle/internal/invocation/BuildAction;Lorg/gradle/initialization/BuildRequestContext;Ljava/lang/Object;Lorg/gradle/internal/service/ServiceRegistry;)Lorg/gradle/launcher/exec/BuildActionResult;+9
j  org.gradle.tooling.internal.provider.SessionScopeBuildActionExecuter.execute(Lorg/gradle/internal/invocation/BuildAction;Lorg/gradle/initialization/BuildRequestContext;Lorg/gradle/launcher/exec/BuildActionParameters;Lorg/gradle/internal/service/ServiceRegistry;)Lorg/gradle/launcher/exec/BuildActionResult;+117
j  org.gradle.tooling.internal.provider.SessionScopeBuildActionExecuter.execute(Lorg/gradle/internal/invocation/BuildAction;Lorg/gradle/initialization/BuildRequestContext;Ljava/lang/Object;Lorg/gradle/internal/service/ServiceRegistry;)Lorg/gradle/launcher/exec/BuildActionResult;+9
j  org.gradle.tooling.internal.provider.GradleThreadBuildActionExecuter.execute(Lorg/gradle/internal/invocation/BuildAction;Lorg/gradle/initialization/BuildRequestContext;Lorg/gradle/launcher/exec/BuildActionParameters;Lorg/gradle/internal/service/ServiceRegistry;)Lorg/gradle/launcher/exec/BuildActionResult;+12
j  org.gradle.tooling.internal.provider.GradleThreadBuildActionExecuter.execute(Lorg/gradle/internal/invocation/BuildAction;Lorg/gradle/initialization/BuildRequestContext;Ljava/lang/Object;Lorg/gradle/internal/service/ServiceRegistry;)Lorg/gradle/launcher/exec/BuildActionResult;+9
j  org.gradle.tooling.internal.provider.ParallelismConfigurationBuildActionExecuter.execute(Lorg/gradle/internal/invocation/BuildAction;Lorg/gradle/initialization/BuildRequestContext;Lorg/gradle/launcher/exec/BuildActionParameters;Lorg/gradle/internal/service/ServiceRegistry;)Lorg/gradle/launcher/exec/BuildActionResult;+43
j  org.gradle.tooling.internal.provider.ParallelismConfigurationBuildActionExecuter.execute(Lorg/gradle/internal/invocation/BuildAction;Lorg/gradle/initialization/BuildRequestContext;Ljava/lang/Object;Lorg/gradle/internal/service/ServiceRegistry;)Lorg/gradle/launcher/exec/BuildActionResult;+9
j  org.gradle.tooling.internal.provider.StartParamsValidatingActionExecuter.execute(Lorg/gradle/internal/invocation/BuildAction;Lorg/gradle/initialization/BuildRequestContext;Lorg/gradle/launcher/exec/BuildActionParameters;Lorg/gradle/internal/service/ServiceRegistry;)Lorg/gradle/launcher/exec/BuildActionResult;+177
j  org.gradle.tooling.internal.provider.StartParamsValidatingActionExecuter.execute(Lorg/gradle/internal/invocation/BuildAction;Lorg/gradle/initialization/BuildRequestContext;Ljava/lang/Object;Lorg/gradle/internal/service/ServiceRegistry;)Lorg/gradle/launcher/exec/BuildActionResult;+9
j  org.gradle.tooling.internal.provider.SessionFailureReportingActionExecuter.execute(Lorg/gradle/internal/invocation/BuildAction;Lorg/gradle/initialization/BuildRequestContext;Lorg/gradle/launcher/exec/BuildActionParameters;Lorg/gradle/internal/service/ServiceRegistry;)Lorg/gradle/launcher/exec/BuildActionResult;+9
j  org.gradle.tooling.internal.provider.SessionFailureReportingActionExecuter.execute(Lorg/gradle/internal/invocation/BuildAction;Lorg/gradle/initialization/BuildRequestContext;Ljava/lang/Object;Lorg/gradle/internal/service/ServiceRegistry;)Lorg/gradle/launcher/exec/BuildActionResult;+9
j  org.gradle.tooling.internal.provider.SetupLoggingActionExecuter.execute(Lorg/gradle/internal/invocation/BuildAction;Lorg/gradle/initialization/BuildRequestContext;Lorg/gradle/launcher/exec/BuildActionParameters;Lorg/gradle/internal/service/ServiceRegistry;)Lorg/gradle/launcher/exec/BuildActionResult;+52
j  org.gradle.tooling.internal.provider.SetupLoggingActionExecuter.execute(Lorg/gradle/internal/invocation/BuildAction;Lorg/gradle/initialization/BuildRequestContext;Ljava/lang/Object;Lorg/gradle/internal/service/ServiceRegistry;)Lorg/gradle/launcher/exec/BuildActionResult;+9
j  org.gradle.launcher.daemon.server.exec.ExecuteBuild.doBuild(Lorg/gradle/launcher/daemon/server/api/DaemonCommandExecution;Lorg/gradle/launcher/daemon/protocol/Build;)V+118
j  org.gradle.launcher.daemon.server.exec.BuildCommandOnly.execute(Lorg/gradle/launcher/daemon/server/api/DaemonCommandExecution;)V+49
j  org.gradle.launcher.daemon.server.api.DaemonCommandExecution.proceed()Z+28
j  org.gradle.launcher.daemon.server.exec.WatchForDisconnection.execute(Lorg/gradle/launcher/daemon/server/api/DaemonCommandExecution;)V+19
j  org.gradle.launcher.daemon.server.api.DaemonCommandExecution.proceed()Z+28
j  org.gradle.launcher.daemon.server.exec.ResetDeprecationLogger.execute(Lorg/gradle/launcher/daemon/server/api/DaemonCommandExecution;)V+4
j  org.gradle.launcher.daemon.server.api.DaemonCommandExecution.proceed()Z+28
j  org.gradle.launcher.daemon.server.exec.RequestStopIfSingleUsedDaemon.execute(Lorg/gradle/launcher/daemon/server/api/DaemonCommandExecution;)V+33
j  org.gradle.launcher.daemon.server.api.DaemonCommandExecution.proceed()Z+28
j  org.gradle.launcher.daemon.server.exec.ForwardClientInput$2.call()Ljava/lang/Void;+4
j  org.gradle.launcher.daemon.server.exec.ForwardClientInput$2.call()Ljava/lang/Object;+1
j  org.gradle.util.Swapper.swap(Ljava/lang/Object;Ljava/util/concurrent/Callable;)Ljava/lang/Object;+21
j  org.gradle.launcher.daemon.server.exec.ForwardClientInput.execute(Lorg/gradle/launcher/daemon/server/api/DaemonCommandExecution;)V+63
j  org.gradle.launcher.daemon.server.api.DaemonCommandExecution.proceed()Z+28
j  org.gradle.launcher.daemon.server.exec.LogAndCheckHealth.execute(Lorg/gradle/launcher/daemon/server/api/DaemonCommandExecution;)V+28
j  org.gradle.launcher.daemon.server.api.DaemonCommandExecution.proceed()Z+28
j  org.gradle.launcher.daemon.server.exec.LogToClient.doBuild(Lorg/gradle/launcher/daemon/server/api/DaemonCommandExecution;Lorg/gradle/launcher/daemon/protocol/Build;)V+87
j  org.gradle.launcher.daemon.server.exec.BuildCommandOnly.execute(Lorg/gradle/launcher/daemon/server/api/DaemonCommandExecution;)V+49
j  org.gradle.launcher.daemon.server.api.DaemonCommandExecution.proceed()Z+28
j  org.gradle.launcher.daemon.server.exec.EstablishBuildEnvironment.doBuild(Lorg/gradle/launcher/daemon/server/api/DaemonCommandExecution;Lorg/gradle/launcher/daemon/protocol/Build;)V+351
j  org.gradle.launcher.daemon.server.exec.BuildCommandOnly.execute(Lorg/gradle/launcher/daemon/server/api/DaemonCommandExecution;)V+49
j  org.gradle.launcher.daemon.server.api.DaemonCommandExecution.proceed()Z+28
j  org.gradle.launcher.daemon.server.exec.StartBuildOrRespondWithBusy$1.run()V+44
j  org.gradle.launcher.daemon.server.DaemonStateCoordinator$1.run()V+4
j  org.gradle.internal.concurrent.ExecutorPolicy$CatchAndRecordFailures.onExecute(Ljava/lang/Runnable;)V+1
j  org.gradle.internal.concurrent.ManagedExecutorImpl$1.run()V+25
j  java.util.concurrent.ThreadPoolExecutor.runWorker(Ljava/util/concurrent/ThreadPoolExecutor$Worker;)V+95
j  java.util.concurrent.ThreadPoolExecutor$Worker.run()V+5
j  org.gradle.internal.concurrent.ThreadFactoryImpl$ManagedThreadRunnable.run()V+7
j  java.lang.Thread.run()V+11
v  ~StubRoutines::call_stub

---------------  P R O C E S S  ---------------

Java Threads: ( => current thread )
  0x00000000192b1800 JavaThread "Cache worker for journal cache (C:\Users\lenovo\.gradle\caches\journal-1)" [_thread_blocked, id=36464, stack(0x000000001b0c0000,0x000000001b1c0000)]
  0x00000000192ae800 JavaThread "File lock request listener" [_thread_in_native, id=55432, stack(0x000000001afc0000,0x000000001b0c0000)]
  0x0000000019255000 JavaThread "Cache worker for file hash cache (C:\Users\lenovo\.gradle\caches\5.4.1\fileHashes)" [_thread_blocked, id=55804, stack(0x000000001acc0000,0x000000001adc0000)]
  0x0000000017d91800 JavaThread "Thread-9" [_thread_blocked, id=57760, stack(0x000000001abc0000,0x000000001acc0000)]
  0x0000000017d8b000 JavaThread "Stdin handler" [_thread_blocked, id=48708, stack(0x000000001aac0000,0x000000001abc0000)]
  0x0000000017d94000 JavaThread "Asynchronous log dispatcher for DefaultDaemonConnection: socket connection from /127.0.0.1:61025 to /127.0.0.1:61026" [_thread_blocked, id=14764, stack(0x000000001a9c0000,0x000000001aac0000)]
=>0x00000000198a9000 JavaThread "Daemon worker" [_thread_in_vm, id=28528, stack(0x000000001a8c0000,0x000000001a9c0000)]
  0x00000000198a8000 JavaThread "Cancel handler" [_thread_blocked, id=19584, stack(0x000000001a7c0000,0x000000001a8c0000)]
  0x0000000019847800 JavaThread "Handler for socket connection from /127.0.0.1:61025 to /127.0.0.1:61026" [_thread_in_native, id=15076, stack(0x000000001a4c0000,0x000000001a5c0000)]
  0x0000000018d74000 JavaThread "Daemon" [_thread_blocked, id=29396, stack(0x000000001a3c0000,0x000000001a4c0000)]
  0x0000000018858000 JavaThread "Daemon periodic checks" [_thread_blocked, id=13800, stack(0x000000001a2c0000,0x000000001a3c0000)]
  0x0000000017d9c000 JavaThread "Incoming local TCP Connector on port 61025" [_thread_in_native, id=44880, stack(0x000000001a110000,0x000000001a210000)]
  0x0000000019368000 JavaThread "Daemon health stats" [_thread_blocked, id=51096, stack(0x0000000019e10000,0x0000000019f10000)]
  0x0000000017bdf800 JavaThread "Service Thread" daemon [_thread_blocked, id=52420, stack(0x0000000018440000,0x0000000018540000)]
  0x0000000017b56000 JavaThread "C1 CompilerThread2" daemon [_thread_blocked, id=40876, stack(0x0000000018340000,0x0000000018440000)]
  0x0000000017b53000 JavaThread "C2 CompilerThread1" daemon [_thread_in_native, id=48244, stack(0x0000000018240000,0x0000000018340000)]
  0x00000000167de800 JavaThread "C2 CompilerThread0" daemon [_thread_in_native, id=52108, stack(0x0000000018140000,0x0000000018240000)]
  0x00000000167dd000 JavaThread "Attach Listener" daemon [_thread_blocked, id=8636, stack(0x0000000018040000,0x0000000018140000)]
  0x0000000017b48800 JavaThread "Signal Dispatcher" daemon [_thread_blocked, id=33728, stack(0x0000000017f40000,0x0000000018040000)]
  0x0000000002e5a800 JavaThread "Finalizer" daemon [_thread_blocked, id=26152, stack(0x0000000017a40000,0x0000000017b40000)]
  0x00000000167b9000 JavaThread "Reference Handler" daemon [_thread_blocked, id=55712, stack(0x0000000017940000,0x0000000017a40000)]
  0x0000000002d5d800 JavaThread "main" [_thread_blocked, id=9148, stack(0x0000000002c10000,0x0000000002d10000)]

Other Threads:
  0x0000000016796800 VMThread [stack: 0x0000000017840000,0x0000000017940000] [id=45940]
  0x0000000017be0800 WatcherThread [stack: 0x0000000018540000,0x0000000018640000] [id=17516]

VM state:not at safepoint (normal execution)

VM Mutex/Monitor currently owned by a thread: None

heap address: 0x00000000a0000000, size: 1536 MB, Compressed Oops mode: 32-bit
Narrow klass base: 0x0000000000000000, Narrow klass shift: 3
Compressed class space size: 1073741824 Address: 0x0000000100000000

Heap:
 PSYoungGen      total 36864K, used 11770K [0x00000000e0000000, 0x00000000e2900000, 0x0000000100000000)
  eden space 31744K, 20% used [0x00000000e0000000,0x00000000e06809a8,0x00000000e1f00000)
  from space 5120K, 99% used [0x00000000e2400000,0x00000000e28fe050,0x00000000e2900000)
  to   space 5120K, 0% used [0x00000000e1f00000,0x00000000e1f00000,0x00000000e2400000)
 ParOldGen       total 84992K, used 4916K [0x00000000a0000000, 0x00000000a5300000, 0x00000000e0000000)
  object space 84992K, 5% used [0x00000000a0000000,0x00000000a04cd3b0,0x00000000a5300000)
 Metaspace       used 16307K, capacity 16764K, committed 16896K, reserved 1062912K
  class space    used 2308K, capacity 2460K, committed 2560K, reserved 1048576K

Card table byte_map: [0x0000000012220000,0x0000000012530000] byte_map_base: 0x0000000011d20000

Marking Bits: (ParMarkBitMap*) 0x0000000062819f30
 Begin Bits: [0x0000000012b30000, 0x0000000014330000)
 End Bits:   [0x0000000014330000, 0x0000000015b30000)

Polling page: 0x0000000000b20000

CodeCache: size=245760Kb used=5382Kb max_used=5382Kb free=240377Kb
 bounds [0x0000000002e60000, 0x00000000033b0000, 0x0000000011e60000]
 total_blobs=1961 nmethods=1561 adapters=313
 compilation: enabled

Compilation events (10 events):
Event: 5.191 Thread 0x0000000017b56000 1565       3       java.lang.Class::forName (53 bytes)
Event: 5.191 Thread 0x0000000017b56000 nmethod 1565 0x000000000339f250 code [0x000000000339f400, 0x000000000339faa8]
Event: 5.193 Thread 0x0000000017b56000 1566       3       sun.misc.ProxyGenerator$ConstantPool::getMethodRef (33 bytes)
Event: 5.194 Thread 0x0000000017b56000 nmethod 1566 0x000000000339fcd0 code [0x000000000339ff60, 0x00000000033a0d08]
Event: 5.194 Thread 0x0000000017b56000 1567       3       sun.misc.ProxyGenerator::access$900 (5 bytes)
Event: 5.194 Thread 0x0000000017b56000 nmethod 1567 0x00000000033a1810 code [0x00000000033a1980, 0x00000000033a1be8]
Event: 5.196 Thread 0x0000000017b56000 1568       1       com.google.common.collect.RegularImmutableList::size (5 bytes)
Event: 5.196 Thread 0x0000000017b56000 nmethod 1568 0x00000000033a1cd0 code [0x00000000033a1e20, 0x00000000033a1f30]
Event: 5.218 Thread 0x0000000017b56000 1569       3       java.util.concurrent.locks.ReentrantLock$Sync::tryRelease (45 bytes)
Event: 5.219 Thread 0x0000000017b56000 nmethod 1569 0x00000000033a2410 code [0x00000000033a25a0, 0x00000000033a2b48]

GC Heap History (8 events):
Event: 1.489 GC heap before
{Heap before GC invocations=1 (full 0):
 PSYoungGen      total 36864K, used 31744K [0x00000000e0000000, 0x00000000e2900000, 0x0000000100000000)
  eden space 31744K, 100% used [0x00000000e0000000,0x00000000e1f00000,0x00000000e1f00000)
  from space 5120K, 0% used [0x00000000e2400000,0x00000000e2400000,0x00000000e2900000)
  to   space 5120K, 0% used [0x00000000e1f00000,0x00000000e1f00000,0x00000000e2400000)
 ParOldGen       total 84992K, used 0K [0x00000000a0000000, 0x00000000a5300000, 0x00000000e0000000)
  object space 84992K, 0% used [0x00000000a0000000,0x00000000a0000000,0x00000000a5300000)
 Metaspace       used 6997K, capacity 7258K, committed 7424K, reserved 1056768K
  class space    used 851K, capacity 910K, committed 1024K, reserved 1048576K
Event: 1.495 GC heap after
Heap after GC invocations=1 (full 0):
 PSYoungGen      total 36864K, used 4500K [0x00000000e0000000, 0x00000000e2900000, 0x0000000100000000)
  eden space 31744K, 0% used [0x00000000e0000000,0x00000000e0000000,0x00000000e1f00000)
  from space 5120K, 87% used [0x00000000e1f00000,0x00000000e23650a0,0x00000000e2400000)
  to   space 5120K, 0% used [0x00000000e2400000,0x00000000e2400000,0x00000000e2900000)
 ParOldGen       total 84992K, used 8K [0x00000000a0000000, 0x00000000a5300000, 0x00000000e0000000)
  object space 84992K, 0% used [0x00000000a0000000,0x00000000a0002000,0x00000000a5300000)
 Metaspace       used 6997K, capacity 7258K, committed 7424K, reserved 1056768K
  class space    used 851K, capacity 910K, committed 1024K, reserved 1048576K
}
Event: 2.230 GC heap before
{Heap before GC invocations=2 (full 0):
 PSYoungGen      total 36864K, used 36244K [0x00000000e0000000, 0x00000000e2900000, 0x0000000100000000)
  eden space 31744K, 100% used [0x00000000e0000000,0x00000000e1f00000,0x00000000e1f00000)
  from space 5120K, 87% used [0x00000000e1f00000,0x00000000e23650a0,0x00000000e2400000)
  to   space 5120K, 0% used [0x00000000e2400000,0x00000000e2400000,0x00000000e2900000)
 ParOldGen       total 84992K, used 8K [0x00000000a0000000, 0x00000000a5300000, 0x00000000e0000000)
  object space 84992K, 0% used [0x00000000a0000000,0x00000000a0002000,0x00000000a5300000)
 Metaspace       used 8294K, capacity 8566K, committed 8832K, reserved 1056768K
  class space    used 1048K, capacity 1113K, committed 1152K, reserved 1048576K
Event: 2.234 GC heap after
Heap after GC invocations=2 (full 0):
 PSYoungGen      total 36864K, used 4361K [0x00000000e0000000, 0x00000000e2900000, 0x0000000100000000)
  eden space 31744K, 0% used [0x00000000e0000000,0x00000000e0000000,0x00000000e1f00000)
  from space 5120K, 85% used [0x00000000e2400000,0x00000000e28425c0,0x00000000e2900000)
  to   space 5120K, 0% used [0x00000000e1f00000,0x00000000e1f00000,0x00000000e2400000)
 ParOldGen       total 84992K, used 16K [0x00000000a0000000, 0x00000000a5300000, 0x00000000e0000000)
  object space 84992K, 0% used [0x00000000a0000000,0x00000000a0004000,0x00000000a5300000)
 Metaspace       used 8294K, capacity 8566K, committed 8832K, reserved 1056768K
  class space    used 1048K, capacity 1113K, committed 1152K, reserved 1048576K
}
Event: 4.547 GC heap before
{Heap before GC invocations=3 (full 0):
 PSYoungGen      total 36864K, used 36105K [0x00000000e0000000, 0x00000000e2900000, 0x0000000100000000)
  eden space 31744K, 100% used [0x00000000e0000000,0x00000000e1f00000,0x00000000e1f00000)
  from space 5120K, 85% used [0x00000000e2400000,0x00000000e28425c0,0x00000000e2900000)
  to   space 5120K, 0% used [0x00000000e1f00000,0x00000000e1f00000,0x00000000e2400000)
 ParOldGen       total 84992K, used 16K [0x00000000a0000000, 0x00000000a5300000, 0x00000000e0000000)
  object space 84992K, 0% used [0x00000000a0000000,0x00000000a0004000,0x00000000a5300000)
 Metaspace       used 12823K, capacity 13254K, committed 13440K, reserved 1060864K
  class space    used 1753K, capacity 1903K, committed 1920K, reserved 1048576K
Event: 4.555 GC heap after
Heap after GC invocations=3 (full 0):
 PSYoungGen      total 36864K, used 5113K [0x00000000e0000000, 0x00000000e2900000, 0x0000000100000000)
  eden space 31744K, 0% used [0x00000000e0000000,0x00000000e0000000,0x00000000e1f00000)
  from space 5120K, 99% used [0x00000000e1f00000,0x00000000e23fe540,0x00000000e2400000)
  to   space 5120K, 0% used [0x00000000e2400000,0x00000000e2400000,0x00000000e2900000)
 ParOldGen       total 84992K, used 1652K [0x00000000a0000000, 0x00000000a5300000, 0x00000000e0000000)
  object space 84992K, 1% used [0x00000000a0000000,0x00000000a019d1f8,0x00000000a5300000)
 Metaspace       used 12823K, capacity 13254K, committed 13440K, reserved 1060864K
  class space    used 1753K, capacity 1903K, committed 1920K, reserved 1048576K
}
Event: 4.929 GC heap before
{Heap before GC invocations=4 (full 0):
 PSYoungGen      total 36864K, used 36857K [0x00000000e0000000, 0x00000000e2900000, 0x0000000100000000)
  eden space 31744K, 100% used [0x00000000e0000000,0x00000000e1f00000,0x00000000e1f00000)
  from space 5120K, 99% used [0x00000000e1f00000,0x00000000e23fe540,0x00000000e2400000)
  to   space 5120K, 0% used [0x00000000e2400000,0x00000000e2400000,0x00000000e2900000)
 ParOldGen       total 84992K, used 1652K [0x00000000a0000000, 0x00000000a5300000, 0x00000000e0000000)
  object space 84992K, 1% used [0x00000000a0000000,0x00000000a019d1f8,0x00000000a5300000)
 Metaspace       used 15552K, capacity 16028K, committed 16256K, reserved 1062912K
  class space    used 2204K, capacity 2364K, committed 2432K, reserved 1048576K
Event: 4.938 GC heap after
Heap after GC invocations=4 (full 0):
 PSYoungGen      total 36864K, used 5112K [0x00000000e0000000, 0x00000000e2900000, 0x0000000100000000)
  eden space 31744K, 0% used [0x00000000e0000000,0x00000000e0000000,0x00000000e1f00000)
  from space 5120K, 99% used [0x00000000e2400000,0x00000000e28fe050,0x00000000e2900000)
  to   space 5120K, 0% used [0x00000000e1f00000,0x00000000e1f00000,0x00000000e2400000)
 ParOldGen       total 84992K, used 4916K [0x00000000a0000000, 0x00000000a5300000, 0x00000000e0000000)
  object space 84992K, 5% used [0x00000000a0000000,0x00000000a04cd3b0,0x00000000a5300000)
 Metaspace       used 15552K, capacity 16028K, committed 16256K, reserved 1062912K
  class space    used 2204K, capacity 2364K, committed 2432K, reserved 1048576K
}

Deoptimization events (10 events):
Event: 4.419 Thread 0x00000000198a9000 Uncommon trap: reason=class_check action=maybe_recompile pc=0x00000000030c83f8 method=java.util.HashMap.putVal(ILjava/lang/Object;Ljava/lang/Object;ZZ)Ljava/lang/Object; @ 203
Event: 4.419 Thread 0x00000000198a9000 Uncommon trap: reason=class_check action=maybe_recompile pc=0x00000000030c83f8 method=java.util.HashMap.putVal(ILjava/lang/Object;Ljava/lang/Object;ZZ)Ljava/lang/Object; @ 203
Event: 4.419 Thread 0x00000000198a9000 Uncommon trap: reason=bimorphic action=maybe_recompile pc=0x00000000030c7ee8 method=java.util.HashMap.putVal(ILjava/lang/Object;Ljava/lang/Object;ZZ)Ljava/lang/Object; @ 253
Event: 4.419 Thread 0x00000000198a9000 Uncommon trap: reason=bimorphic action=maybe_recompile pc=0x00000000030c7ee8 method=java.util.HashMap.putVal(ILjava/lang/Object;Ljava/lang/Object;ZZ)Ljava/lang/Object; @ 253
Event: 4.419 Thread 0x00000000198a9000 Uncommon trap: reason=bimorphic action=maybe_recompile pc=0x00000000030cfc30 method=java.util.HashMap.putVal(ILjava/lang/Object;Ljava/lang/Object;ZZ)Ljava/lang/Object; @ 253
Event: 4.611 Thread 0x00000000198a9000 Uncommon trap: reason=class_check action=maybe_recompile pc=0x0000000003134418 method=java.util.regex.Matcher.match(II)Z @ 86
Event: 4.625 Thread 0x00000000198a9000 Uncommon trap: reason=class_check action=maybe_recompile pc=0x0000000003134418 method=java.util.regex.Matcher.match(II)Z @ 86
Event: 4.625 Thread 0x00000000198a9000 Uncommon trap: reason=class_check action=maybe_recompile pc=0x0000000003134418 method=java.util.regex.Matcher.match(II)Z @ 86
Event: 4.625 Thread 0x00000000198a9000 Uncommon trap: reason=class_check action=maybe_recompile pc=0x00000000030ee1dc method=java.util.regex.Matcher.match(II)Z @ 86
Event: 4.872 Thread 0x00000000198a9000 Uncommon trap: reason=unstable_if action=reinterpret pc=0x0000000003220b74 method=java.lang.String.lastIndexOf([CII[CIII)I @ 66

Classes redefined (0 events):
No events

Internal exceptions (10 events):
Event: 4.338 Thread 0x0000000019847800 Exception <a 'java/lang/NoSuchMethodError': <clinit>> (0x00000000e0d4ea70) thrown at [D:\src\AOSP-openjdk-cygwin\jdk8u\hotspot\src\share\vm\prims\jni.cpp, line 1614]
Event: 4.342 Thread 0x0000000019847800 Exception <a 'java/lang/NoSuchMethodError': <clinit>> (0x00000000e0d61c40) thrown at [D:\src\AOSP-openjdk-cygwin\jdk8u\hotspot\src\share\vm\prims\jni.cpp, line 1614]
Event: 4.351 Thread 0x0000000019847800 Exception <a 'java/lang/NoSuchMethodError': <clinit>> (0x00000000e0d89058) thrown at [D:\src\AOSP-openjdk-cygwin\jdk8u\hotspot\src\share\vm\prims\jni.cpp, line 1614]
Event: 4.354 Thread 0x0000000019847800 Exception <a 'java/lang/NoSuchMethodError': <clinit>> (0x00000000e0da10c8) thrown at [D:\src\AOSP-openjdk-cygwin\jdk8u\hotspot\src\share\vm\prims\jni.cpp, line 1614]
Event: 4.357 Thread 0x0000000019847800 Exception <a 'java/lang/NoSuchMethodError': <clinit>> (0x00000000e0da9d70) thrown at [D:\src\AOSP-openjdk-cygwin\jdk8u\hotspot\src\share\vm\prims\jni.cpp, line 1614]
Event: 4.360 Thread 0x0000000019847800 Exception <a 'java/lang/NoSuchMethodError': <clinit>> (0x00000000e0dc0338) thrown at [D:\src\AOSP-openjdk-cygwin\jdk8u\hotspot\src\share\vm\prims\jni.cpp, line 1614]
Event: 4.371 Thread 0x0000000019847800 Exception <a 'java/lang/NoSuchMethodError': <clinit>> (0x00000000e0e1da90) thrown at [D:\src\AOSP-openjdk-cygwin\jdk8u\hotspot\src\share\vm\prims\jni.cpp, line 1614]
Event: 4.378 Thread 0x0000000019847800 Exception <a 'java/lang/NoSuchMethodError': <clinit>> (0x00000000e0e4a900) thrown at [D:\src\AOSP-openjdk-cygwin\jdk8u\hotspot\src\share\vm\prims\jni.cpp, line 1614]
Event: 4.383 Thread 0x0000000019847800 Exception <a 'java/lang/NoSuchMethodError': <clinit>> (0x00000000e0e788a8) thrown at [D:\src\AOSP-openjdk-cygwin\jdk8u\hotspot\src\share\vm\prims\jni.cpp, line 1614]
Event: 4.384 Thread 0x0000000019847800 Exception <a 'java/lang/NoSuchMethodError': <clinit>> (0x00000000e0e83cb0) thrown at [D:\src\AOSP-openjdk-cygwin\jdk8u\hotspot\src\share\vm\prims\jni.cpp, line 1614]

Events (10 events):
Event: 5.257 loading class org/gradle/internal/instantiation/AsmBackedClassGenerator$ClassBuilderImpl$4
Event: 5.257 loading class org/gradle/internal/instantiation/AsmBackedClassGenerator$ClassBuilderImpl$4 done
Event: 5.258 loading class org/gradle/internal/instantiation/AsmBackedClassGenerator$ClassBuilderImpl$7
Event: 5.258 loading class org/gradle/internal/instantiation/AsmBackedClassGenerator$ClassBuilderImpl$7 done
Event: 5.259 loading class org/gradle/internal/instantiation/AsmBackedClassGenerator$ClassBuilderImpl$2
Event: 5.259 loading class org/gradle/internal/instantiation/AsmBackedClassGenerator$ClassBuilderImpl$2 done
Event: 5.259 loading class org/gradle/internal/instantiation/AsmBackedClassGenerator$ClassBuilderImpl$3
Event: 5.259 loading class org/gradle/internal/instantiation/AsmBackedClassGenerator$ClassBuilderImpl$3 done
Event: 5.260 loading class org/gradle/internal/instantiation/AsmBackedClassGenerator$ClassBuilderImpl$5
Event: 5.260 loading class org/gradle/internal/instantiation/AsmBackedClassGenerator$ClassBuilderImpl$5 done


Dynamic libraries:
0x00007ff7bc640000 - 0x00007ff7bc671000 	G:\android\jre\bin\java.exe
0x00007ffc3af20000 - 0x00007ffc3b110000 	C:\WINDOWS\SYSTEM32\ntdll.dll
0x00007ffc3a0d0000 - 0x00007ffc3a182000 	C:\WINDOWS\System32\KERNEL32.DLL
0x00007ffc383b0000 - 0x00007ffc38653000 	C:\WINDOWS\System32\KERNELBASE.dll
0x00007ffc3a660000 - 0x00007ffc3a703000 	C:\WINDOWS\System32\ADVAPI32.dll
0x00007ffc3acd0000 - 0x00007ffc3ad6e000 	C:\WINDOWS\System32\msvcrt.dll
0x00007ffc3ac30000 - 0x00007ffc3acc7000 	C:\WINDOWS\System32\sechost.dll
0x00007ffc38fd0000 - 0x00007ffc390f0000 	C:\WINDOWS\System32\RPCRT4.dll
0x00007ffc39150000 - 0x00007ffc392e4000 	C:\WINDOWS\System32\USER32.dll
0x00007ffc37eb0000 - 0x00007ffc37ed1000 	C:\WINDOWS\System32\win32u.dll
0x00007ffc3ad70000 - 0x00007ffc3ad96000 	C:\WINDOWS\System32\GDI32.dll
0x00007ffc37ee0000 - 0x00007ffc38074000 	C:\WINDOWS\System32\gdi32full.dll
0x00007ffc38310000 - 0x00007ffc383ae000 	C:\WINDOWS\System32\msvcp_win.dll
0x00007ffc386b0000 - 0x00007ffc387aa000 	C:\WINDOWS\System32\ucrtbase.dll
0x00007ffc29bb0000 - 0x00007ffc29e35000 	C:\WINDOWS\WinSxS\amd64_microsoft.windows.common-controls_6595b64144ccf1df_6.0.18362.657_none_e6c5b579130e3898\COMCTL32.dll
0x00007ffc3a8f0000 - 0x00007ffc3ac26000 	C:\WINDOWS\System32\combase.dll
0x00007ffc387d0000 - 0x00007ffc38850000 	C:\WINDOWS\System32\bcryptPrimitives.dll
0x00007ffc3a8c0000 - 0x00007ffc3a8ee000 	C:\WINDOWS\System32\IMM32.DLL
0x0000000061f70000 - 0x0000000062042000 	G:\android\jre\jre\bin\msvcr100.dll
0x0000000062050000 - 0x0000000062896000 	G:\android\jre\jre\bin\server\jvm.dll
0x00007ffc39a60000 - 0x00007ffc39a68000 	C:\WINDOWS\System32\PSAPI.DLL
0x00007ffc20090000 - 0x00007ffc20099000 	C:\WINDOWS\SYSTEM32\WSOCK32.dll
0x00007ffc294d0000 - 0x00007ffc294da000 	C:\WINDOWS\SYSTEM32\VERSION.dll
0x00007ffc3ae70000 - 0x00007ffc3aedf000 	C:\WINDOWS\System32\WS2_32.dll
0x00007ffc312d0000 - 0x00007ffc312f4000 	C:\WINDOWS\SYSTEM32\WINMM.dll
0x00007ffc31470000 - 0x00007ffc3149d000 	C:\WINDOWS\SYSTEM32\winmmbase.dll
0x00007ffc38660000 - 0x00007ffc386aa000 	C:\WINDOWS\System32\cfgmgr32.dll
0x00007ffc2c500000 - 0x00007ffc2c50f000 	G:\android\jre\jre\bin\verify.dll
0x00007ffc2b9f0000 - 0x00007ffc2ba19000 	G:\android\jre\jre\bin\java.dll
0x00007ffc2ba40000 - 0x00007ffc2ba56000 	G:\android\jre\jre\bin\zip.dll
0x00007ffc39370000 - 0x00007ffc39a55000 	C:\WINDOWS\System32\SHELL32.dll
0x00007ffc3a190000 - 0x00007ffc3a239000 	C:\WINDOWS\System32\shcore.dll
0x00007ffc38850000 - 0x00007ffc38fcf000 	C:\WINDOWS\System32\windows.storage.dll
0x00007ffc37e90000 - 0x00007ffc37eaf000 	C:\WINDOWS\System32\profapi.dll
0x00007ffc37e20000 - 0x00007ffc37e6a000 	C:\WINDOWS\System32\powrprof.dll
0x00007ffc37df0000 - 0x00007ffc37e00000 	C:\WINDOWS\System32\UMPDC.dll
0x00007ffc390f0000 - 0x00007ffc39142000 	C:\WINDOWS\System32\shlwapi.dll
0x00007ffc37e00000 - 0x00007ffc37e11000 	C:\WINDOWS\System32\kernel.appcore.dll
0x00007ffc387b0000 - 0x00007ffc387c7000 	C:\WINDOWS\System32\cryptsp.dll
0x00007ffc1f980000 - 0x00007ffc1f99a000 	G:\android\jre\jre\bin\net.dll
0x00007ffc37660000 - 0x00007ffc376c7000 	C:\WINDOWS\system32\mswsock.dll
0x00007ffc1c400000 - 0x00007ffc1c411000 	G:\android\jre\jre\bin\nio.dll
0x00007ffc1a680000 - 0x00007ffc1a6a6000 	C:\Users\lenovo\.gradle\native\29\windows-amd64\native-platform.dll
0x00007ffc2c340000 - 0x00007ffc2c34d000 	G:\android\jre\jre\bin\management.dll
0x00007ffc371d0000 - 0x00007ffc37203000 	C:\WINDOWS\system32\rsaenh.dll
0x00007ffc38080000 - 0x00007ffc380a6000 	C:\WINDOWS\System32\bcrypt.dll
0x00007ffc37ce0000 - 0x00007ffc37d05000 	C:\WINDOWS\SYSTEM32\USERENV.dll
0x00007ffc37830000 - 0x00007ffc3783c000 	C:\WINDOWS\SYSTEM32\CRYPTBASE.dll
0x00007ffc37370000 - 0x00007ffc373aa000 	C:\WINDOWS\SYSTEM32\IPHLPAPI.DLL
0x00007ffc39c20000 - 0x00007ffc39c28000 	C:\WINDOWS\System32\NSI.dll
0x00007ffc31100000 - 0x00007ffc31116000 	C:\WINDOWS\SYSTEM32\dhcpcsvc6.DLL
0x00007ffc31850000 - 0x00007ffc3186c000 	C:\WINDOWS\SYSTEM32\dhcpcsvc.DLL
0x00007ffc373b0000 - 0x00007ffc3747a000 	C:\WINDOWS\SYSTEM32\DNSAPI.dll

VM Arguments:
jvm_args: -Xmx1536m -Dfile.encoding=GBK -Duser.country=CN -Duser.language=zh -Duser.variant 
java_command: org.gradle.launcher.daemon.bootstrap.GradleDaemon 5.4.1
java_class_path (initial): C:\Users\lenovo\.gradle\wrapper\dists\gradle-5.4.1-all\3221gyojl5jsh0helicew7rwx\gradle-5.4.1\lib\gradle-launcher-5.4.1.jar
Launcher Type: SUN_STANDARD

Environment Variables:
JAVA_HOME=F:\java\jdk-13_windows-x64_bin\jdk-13
PATH=F:\java\jdk-13_windows-x64_bin\jdk-13\bin;C:\WINDOWS\system32;C:\WINDOWS;C:\WINDOWS\System32\Wbem;C:\WINDOWS\System32\WindowsPowerShell\v1.0\;C:\WINDOWS\System32\OpenSSH\;F:\git_for_windows\Git\cmd;F:\计算机\python\Scripts\;F:\计算机\python\;C:\Users\lenovo\AppData\Local\Microsoft\WindowsApps;F:\计算机\VS\Microsoft VS Code\bin;C:\Users\lenovo\AppData\Local\atom\bin;C:\Users\lenovo\AppData\Local\Microsoft\WindowsApps;;G:\PYCHARM\PyCharm Community Edition 2019.3\bin;
USERNAME=lenovo
OS=Windows_NT
PROCESSOR_IDENTIFIER=Intel64 Family 6 Model 142 Stepping 9, GenuineIntel



---------------  S Y S T E M  ---------------

OS: Windows 10.0 , 64 bit Build 18362 (10.0.18362.329)

CPU:total 4 (initial active 4) (2 cores per cpu, 2 threads per core) family 6 model 142 stepping 9, cmov, cx8, fxsr, mmx, sse, sse2, sse3, ssse3, sse4.1, sse4.2, popcnt, avx, avx2, aes, clmul, erms, 3dnowpref, lzcnt, ht, tsc, tscinvbit, bmi1, bmi2, adx

Memory: 4k page, physical 8096140k(1586504k free), swap 9983372k(5140k free)

vm_info: OpenJDK 64-Bit Server VM (25.202-b03) for windows-amd64 JRE (1.8.0_202-release-1483-b03), built by "builder" with MS VC++ 10.0 (VS2010)

time: Wed Mar 11 14:15:40 2020
timezone: 中国标准时间
elapsed time: 5 seconds (0d 0h 0m 5s)

