#
# There is insufficient memory for the Java Runtime Environment to continue.
# Native memory allocation (malloc) failed to allocate 2108336 bytes for Chunk::new
# Possible reasons:
#   The system is out of physical RAM or swap space
#   The process is running with CompressedOops enabled, and the Java Heap may be blocking the growth of the native heap
# Possible solutions:
#   Reduce memory load on the system
#   Increase physical memory or swap space
#   Check if swap backing store is full
#   Decrease Java heap size (-Xmx/-Xms)
#   Decrease number of Java threads
#   Decrease Java thread stack sizes (-Xss)
#   Set larger code cache with -XX:ReservedCodeCacheSize=
#   JVM is running with Unscaled Compressed Oops mode in which the Java heap is
#     placed in the first 4GB address space. The Java Heap base address is the
#     maximum limit for the native heap growth. Please use -XX:HeapBaseMinAddress
#     to set the Java Heap base and to place the Java Heap above 4GB virtual address.
# This output file may be truncated or incomplete.
#
#  Out of Memory Error (allocation.cpp:389), pid=42228, tid=0x000000000000f824
#
# JRE version: OpenJDK Runtime Environment (8.0_202-b03) (build 1.8.0_202-release-1483-b03)
# Java VM: OpenJDK 64-Bit Server VM (25.202-b03 mixed mode windows-amd64 compressed oops)
# Failed to write core dump. Minidumps are not enabled by default on client versions of Windows
#

---------------  T H R E A D  ---------------

Current thread (0x0000000016334800):  JavaThread "C2 CompilerThread0" daemon [_thread_in_native, id=63524, stack(0x0000000017ca0000,0x0000000017da0000)]

Stack: [0x0000000017ca0000,0x0000000017da0000]
[error occurred during error reporting (printing stack bounds), id 0xc0000005]

Native frames: (J=compiled Java code, j=interpreted, Vv=VM code, C=native code)


Current CompileTask:
C2:   8101 1491   !   4       java.net.URLClassLoader$1::run (63 bytes)


---------------  P R O C E S S  ---------------

Java Threads: ( => current thread )
  0x0000000018fde800 JavaThread "Cache worker for journal cache (C:\Users\lenovo\.gradle\caches\journal-1)" [_thread_blocked, id=37044, stack(0x000000001ac40000,0x000000001ad40000)]
  0x0000000018fe0000 JavaThread "File lock request listener" [_thread_in_native, id=14944, stack(0x000000001ab40000,0x000000001ac40000)]
  0x0000000018fdf800 JavaThread "Cache worker for file hash cache (C:\Users\lenovo\.gradle\caches\5.4.1\fileHashes)" [_thread_blocked, id=21148, stack(0x000000001a840000,0x000000001a940000)]
  0x000000001858c800 JavaThread "Thread-9" [_thread_blocked, id=21592, stack(0x000000001a740000,0x000000001a840000)]
  0x00000000179fc800 JavaThread "Stdin handler" [_thread_blocked, id=22108, stack(0x000000001a640000,0x000000001a740000)]
  0x0000000017827800 JavaThread "Asynchronous log dispatcher for DefaultDaemonConnection: socket connection from /127.0.0.1:61007 to /127.0.0.1:61008" [_thread_blocked, id=50780, stack(0x000000001a540000,0x000000001a640000)]
  0x0000000017825800 JavaThread "Daemon worker" [_thread_in_native, id=19128, stack(0x000000001a440000,0x000000001a540000)]
  0x0000000017825000 JavaThread "Cancel handler" [_thread_blocked, id=45104, stack(0x000000001a340000,0x000000001a440000)]
  0x00000000177fd000 JavaThread "Handler for socket connection from /127.0.0.1:61007 to /127.0.0.1:61008" [_thread_in_native, id=33412, stack(0x000000001a040000,0x000000001a140000)]
  0x00000000179bc800 JavaThread "Daemon" [_thread_blocked, id=44292, stack(0x0000000019f40000,0x000000001a040000)]
  0x00000000185d4800 JavaThread "Daemon periodic checks" [_thread_blocked, id=33292, stack(0x0000000019e40000,0x0000000019f40000)]
  0x0000000017829800 JavaThread "Incoming local TCP Connector on port 61007" [_thread_in_native, id=42524, stack(0x0000000019c90000,0x0000000019d90000)]
  0x00000000178e8000 JavaThread "Daemon health stats" [_thread_blocked, id=55100, stack(0x0000000019970000,0x0000000019a70000)]
  0x0000000017739800 JavaThread "Service Thread" daemon [_thread_blocked, id=46788, stack(0x0000000017fa0000,0x00000000180a0000)]
  0x000000001633e000 JavaThread "C1 CompilerThread2" daemon [_thread_blocked, id=36900, stack(0x0000000017ea0000,0x0000000017fa0000)]
  0x0000000016339800 JavaThread "C2 CompilerThread1" daemon [_thread_in_native, id=60880, stack(0x0000000017da0000,0x0000000017ea0000)]
=>0x0000000016334800 JavaThread "C2 CompilerThread0" daemon [_thread_in_native, id=63524, stack(0x0000000017ca0000,0x0000000017da0000)]
  0x00000000162ee800 JavaThread "Attach Listener" daemon [_thread_blocked, id=49064, stack(0x0000000017ba0000,0x0000000017ca0000)]
  0x00000000176b0800 JavaThread "Signal Dispatcher" daemon [_thread_blocked, id=12984, stack(0x0000000017aa0000,0x0000000017ba0000)]
  0x000000000296a800 JavaThread "Finalizer" daemon [_thread_blocked, id=40768, stack(0x0000000017530000,0x0000000017630000)]
  0x00000000162c9000 JavaThread "Reference Handler" daemon [_thread_blocked, id=26292, stack(0x0000000017430000,0x0000000017530000)]
  0x000000000083d800 JavaThread "main" [_thread_blocked, id=7368, stack(0x0000000002420000,0x0000000002520000)]

Other Threads:
  0x00000000162a6000 VMThread [stack: 0x0000000017330000,0x0000000017430000] [id=15680]
  0x000000001773b800 WatcherThread [stack: 0x00000000180a0000,0x00000000181a0000] [id=56156]

VM state:not at safepoint (normal execution)

VM Mutex/Monitor currently owned by a thread: None

heap address: 0x00000000a0000000, size: 1536 MB, Compressed Oops mode: 32-bit
Narrow klass base: 0x0000000000000000, Narrow klass shift: 3
Compressed class space size: 1073741824 Address: 0x0000000100000000

Heap:
 PSYoungGen      total 36864K, used 6034K [0x00000000e0000000, 0x00000000e2900000, 0x0000000100000000)
  eden space 31744K, 2% used [0x00000000e0000000,0x00000000e00ea8c8,0x00000000e1f00000)
  from space 5120K, 99% used [0x00000000e2400000,0x00000000e28fa020,0x00000000e2900000)
  to   space 5120K, 0% used [0x00000000e1f00000,0x00000000e1f00000,0x00000000e2400000)
 ParOldGen       total 84992K, used 4946K [0x00000000a0000000, 0x00000000a5300000, 0x00000000e0000000)
  object space 84992K, 5% used [0x00000000a0000000,0x00000000a04d4a68,0x00000000a5300000)
 Metaspace       used 15618K, capacity 16092K, committed 16256K, reserved 1062912K
  class space    used 2214K, capacity 2364K, committed 2432K, reserved 1048576K

Card table byte_map: [0x0000000011d30000,0x0000000012040000] byte_map_base: 0x0000000011830000

Marking Bits: (ParMarkBitMap*) 0x0000000062819f30
 Begin Bits: [0x0000000012640000, 0x0000000013e40000)
 End Bits:   [0x0000000013e40000, 0x0000000015640000)

Polling page: 0x0000000000810000

CodeCache: size=245760Kb used=5312Kb max_used=5390Kb free=240447Kb
 bounds [0x0000000002970000, 0x0000000002ec0000, 0x0000000011970000]
 total_blobs=1902 nmethods=1511 adapters=304
 compilation: enabled

Compilation events (10 events):
Event: 7.858 Thread 0x000000001633e000 1543       3       java.util.concurrent.locks.ReentrantLock$Sync::tryRelease (45 bytes)
Event: 7.858 Thread 0x000000001633e000 nmethod 1543 0x0000000002eb2210 code [0x0000000002eb23a0, 0x0000000002eb2948]
Event: 7.866 Thread 0x000000001633e000 1544       3       sun.misc.ProxyGenerator::dotToSlash (9 bytes)
Event: 7.866 Thread 0x000000001633e000 nmethod 1544 0x0000000002eb2a90 code [0x0000000002eb2c00, 0x0000000002eb2e08]
Event: 7.889 Thread 0x000000001633e000 1545       3       org.gradle.internal.service.DefaultServiceRegistry::find (149 bytes)
Event: 7.891 Thread 0x000000001633e000 nmethod 1545 0x0000000002eb2ed0 code [0x0000000002eb3220, 0x0000000002eb4df8]
Event: 7.891 Thread 0x000000001633e000 1546       3       org.gradle.internal.service.DefaultServiceRegistry$SingletonService::getService (18 bytes)
Event: 7.891 Thread 0x000000001633e000 nmethod 1546 0x0000000002a71b90 code [0x0000000002a71d20, 0x0000000002a71f98]
Event: 7.891 Thread 0x000000001633e000 1547       3       org.gradle.internal.service.DefaultServiceRegistry::access$1200 (6 bytes)
Event: 7.891 Thread 0x000000001633e000 nmethod 1547 0x0000000002a84a90 code [0x0000000002a84c00, 0x0000000002a84d68]

GC Heap History (8 events):
Event: 3.635 GC heap before
{Heap before GC invocations=1 (full 0):
 PSYoungGen      total 36864K, used 31744K [0x00000000e0000000, 0x00000000e2900000, 0x0000000100000000)
  eden space 31744K, 100% used [0x00000000e0000000,0x00000000e1f00000,0x00000000e1f00000)
  from space 5120K, 0% used [0x00000000e2400000,0x00000000e2400000,0x00000000e2900000)
  to   space 5120K, 0% used [0x00000000e1f00000,0x00000000e1f00000,0x00000000e2400000)
 ParOldGen       total 84992K, used 0K [0x00000000a0000000, 0x00000000a5300000, 0x00000000e0000000)
  object space 84992K, 0% used [0x00000000a0000000,0x00000000a0000000,0x00000000a5300000)
 Metaspace       used 7006K, capacity 7258K, committed 7424K, reserved 1056768K
  class space    used 852K, capacity 910K, committed 1024K, reserved 1048576K
Event: 3.650 GC heap after
Heap after GC invocations=1 (full 0):
 PSYoungGen      total 36864K, used 4465K [0x00000000e0000000, 0x00000000e2900000, 0x0000000100000000)
  eden space 31744K, 0% used [0x00000000e0000000,0x00000000e0000000,0x00000000e1f00000)
  from space 5120K, 87% used [0x00000000e1f00000,0x00000000e235c7d0,0x00000000e2400000)
  to   space 5120K, 0% used [0x00000000e2400000,0x00000000e2400000,0x00000000e2900000)
 ParOldGen       total 84992K, used 8K [0x00000000a0000000, 0x00000000a5300000, 0x00000000e0000000)
  object space 84992K, 0% used [0x00000000a0000000,0x00000000a0002000,0x00000000a5300000)
 Metaspace       used 7006K, capacity 7258K, committed 7424K, reserved 1056768K
  class space    used 852K, capacity 910K, committed 1024K, reserved 1048576K
}
Event: 4.765 GC heap before
{Heap before GC invocations=2 (full 0):
 PSYoungGen      total 36864K, used 36209K [0x00000000e0000000, 0x00000000e2900000, 0x0000000100000000)
  eden space 31744K, 100% used [0x00000000e0000000,0x00000000e1f00000,0x00000000e1f00000)
  from space 5120K, 87% used [0x00000000e1f00000,0x00000000e235c7d0,0x00000000e2400000)
  to   space 5120K, 0% used [0x00000000e2400000,0x00000000e2400000,0x00000000e2900000)
 ParOldGen       total 84992K, used 8K [0x00000000a0000000, 0x00000000a5300000, 0x00000000e0000000)
  object space 84992K, 0% used [0x00000000a0000000,0x00000000a0002000,0x00000000a5300000)
 Metaspace       used 8295K, capacity 8566K, committed 8832K, reserved 1056768K
  class space    used 1050K, capacity 1113K, committed 1152K, reserved 1048576K
Event: 4.769 GC heap after
Heap after GC invocations=2 (full 0):
 PSYoungGen      total 36864K, used 4361K [0x00000000e0000000, 0x00000000e2900000, 0x0000000100000000)
  eden space 31744K, 0% used [0x00000000e0000000,0x00000000e0000000,0x00000000e1f00000)
  from space 5120K, 85% used [0x00000000e2400000,0x00000000e28425c0,0x00000000e2900000)
  to   space 5120K, 0% used [0x00000000e1f00000,0x00000000e1f00000,0x00000000e2400000)
 ParOldGen       total 84992K, used 16K [0x00000000a0000000, 0x00000000a5300000, 0x00000000e0000000)
  object space 84992K, 0% used [0x00000000a0000000,0x00000000a0004000,0x00000000a5300000)
 Metaspace       used 8295K, capacity 8566K, committed 8832K, reserved 1056768K
  class space    used 1050K, capacity 1113K, committed 1152K, reserved 1048576K
}
Event: 7.352 GC heap before
{Heap before GC invocations=3 (full 0):
 PSYoungGen      total 36864K, used 36105K [0x00000000e0000000, 0x00000000e2900000, 0x0000000100000000)
  eden space 31744K, 100% used [0x00000000e0000000,0x00000000e1f00000,0x00000000e1f00000)
  from space 5120K, 85% used [0x00000000e2400000,0x00000000e28425c0,0x00000000e2900000)
  to   space 5120K, 0% used [0x00000000e1f00000,0x00000000e1f00000,0x00000000e2400000)
 ParOldGen       total 84992K, used 16K [0x00000000a0000000, 0x00000000a5300000, 0x00000000e0000000)
  object space 84992K, 0% used [0x00000000a0000000,0x00000000a0004000,0x00000000a5300000)
 Metaspace       used 12828K, capacity 13254K, committed 13440K, reserved 1060864K
  class space    used 1754K, capacity 1903K, committed 1920K, reserved 1048576K
Event: 7.363 GC heap after
Heap after GC invocations=3 (full 0):
 PSYoungGen      total 36864K, used 5109K [0x00000000e0000000, 0x00000000e2900000, 0x0000000100000000)
  eden space 31744K, 0% used [0x00000000e0000000,0x00000000e0000000,0x00000000e1f00000)
  from space 5120K, 99% used [0x00000000e1f00000,0x00000000e23fd430,0x00000000e2400000)
  to   space 5120K, 0% used [0x00000000e2400000,0x00000000e2400000,0x00000000e2900000)
 ParOldGen       total 84992K, used 1673K [0x00000000a0000000, 0x00000000a5300000, 0x00000000e0000000)
  object space 84992K, 1% used [0x00000000a0000000,0x00000000a01a25d0,0x00000000a5300000)
 Metaspace       used 12828K, capacity 13254K, committed 13440K, reserved 1060864K
  class space    used 1754K, capacity 1903K, committed 1920K, reserved 1048576K
}
Event: 7.870 GC heap before
{Heap before GC invocations=4 (full 0):
 PSYoungGen      total 36864K, used 36853K [0x00000000e0000000, 0x00000000e2900000, 0x0000000100000000)
  eden space 31744K, 100% used [0x00000000e0000000,0x00000000e1f00000,0x00000000e1f00000)
  from space 5120K, 99% used [0x00000000e1f00000,0x00000000e23fd430,0x00000000e2400000)
  to   space 5120K, 0% used [0x00000000e2400000,0x00000000e2400000,0x00000000e2900000)
 ParOldGen       total 84992K, used 1673K [0x00000000a0000000, 0x00000000a5300000, 0x00000000e0000000)
  object space 84992K, 1% used [0x00000000a0000000,0x00000000a01a25d0,0x00000000a5300000)
 Metaspace       used 15546K, capacity 16028K, committed 16256K, reserved 1062912K
  class space    used 2202K, capacity 2364K, committed 2432K, reserved 1048576K
Event: 7.882 GC heap after
Heap after GC invocations=4 (full 0):
 PSYoungGen      total 36864K, used 5096K [0x00000000e0000000, 0x00000000e2900000, 0x0000000100000000)
  eden space 31744K, 0% used [0x00000000e0000000,0x00000000e0000000,0x00000000e1f00000)
  from space 5120K, 99% used [0x00000000e2400000,0x00000000e28fa020,0x00000000e2900000)
  to   space 5120K, 0% used [0x00000000e1f00000,0x00000000e1f00000,0x00000000e2400000)
 ParOldGen       total 84992K, used 4946K [0x00000000a0000000, 0x00000000a5300000, 0x00000000e0000000)
  object space 84992K, 5% used [0x00000000a0000000,0x00000000a04d4a68,0x00000000a5300000)
 Metaspace       used 15546K, capacity 16028K, committed 16256K, reserved 1062912K
  class space    used 2202K, capacity 2364K, committed 2432K, reserved 1048576K
}

Deoptimization events (10 events):
Event: 7.136 Thread 0x0000000017825800 Uncommon trap: reason=class_check action=maybe_recompile pc=0x0000000002bf0434 method=java.util.HashMap.putVal(ILjava/lang/Object;Ljava/lang/Object;ZZ)Ljava/lang/Object; @ 203
Event: 7.136 Thread 0x0000000017825800 Uncommon trap: reason=class_check action=maybe_recompile pc=0x0000000002bf0434 method=java.util.HashMap.putVal(ILjava/lang/Object;Ljava/lang/Object;ZZ)Ljava/lang/Object; @ 203
Event: 7.136 Thread 0x0000000017825800 Uncommon trap: reason=bimorphic action=maybe_recompile pc=0x0000000002beff24 method=java.util.HashMap.putVal(ILjava/lang/Object;Ljava/lang/Object;ZZ)Ljava/lang/Object; @ 253
Event: 7.136 Thread 0x0000000017825800 Uncommon trap: reason=bimorphic action=maybe_recompile pc=0x0000000002beff24 method=java.util.HashMap.putVal(ILjava/lang/Object;Ljava/lang/Object;ZZ)Ljava/lang/Object; @ 253
Event: 7.137 Thread 0x0000000017825800 Uncommon trap: reason=bimorphic action=maybe_recompile pc=0x0000000002be7ecc method=java.util.HashMap.putVal(ILjava/lang/Object;Ljava/lang/Object;ZZ)Ljava/lang/Object; @ 253
Event: 7.432 Thread 0x0000000017825800 Uncommon trap: reason=class_check action=maybe_recompile pc=0x0000000002c57b58 method=java.util.regex.Matcher.match(II)Z @ 86
Event: 7.450 Thread 0x0000000017825800 Uncommon trap: reason=class_check action=maybe_recompile pc=0x0000000002c57b58 method=java.util.regex.Matcher.match(II)Z @ 86
Event: 7.451 Thread 0x0000000017825800 Uncommon trap: reason=class_check action=maybe_recompile pc=0x0000000002c57b58 method=java.util.regex.Matcher.match(II)Z @ 86
Event: 7.451 Thread 0x0000000017825800 Uncommon trap: reason=class_check action=maybe_recompile pc=0x0000000002c1235c method=java.util.regex.Matcher.match(II)Z @ 86
Event: 7.745 Thread 0x0000000017825800 Uncommon trap: reason=unstable_if action=reinterpret pc=0x0000000002d423b4 method=java.lang.String.lastIndexOf([CII[CIII)I @ 66

Classes redefined (0 events):
No events

Internal exceptions (10 events):
Event: 7.057 Thread 0x00000000177fd000 Exception <a 'java/lang/NoSuchMethodError': <clinit>> (0x00000000e0d4e840) thrown at [D:\src\AOSP-openjdk-cygwin\jdk8u\hotspot\src\share\vm\prims\jni.cpp, line 1614]
Event: 7.061 Thread 0x00000000177fd000 Exception <a 'java/lang/NoSuchMethodError': <clinit>> (0x00000000e0d61a10) thrown at [D:\src\AOSP-openjdk-cygwin\jdk8u\hotspot\src\share\vm\prims\jni.cpp, line 1614]
Event: 7.064 Thread 0x00000000177fd000 Exception <a 'java/lang/NoSuchMethodError': <clinit>> (0x00000000e0d88e28) thrown at [D:\src\AOSP-openjdk-cygwin\jdk8u\hotspot\src\share\vm\prims\jni.cpp, line 1614]
Event: 7.067 Thread 0x00000000177fd000 Exception <a 'java/lang/NoSuchMethodError': <clinit>> (0x00000000e0da0e98) thrown at [D:\src\AOSP-openjdk-cygwin\jdk8u\hotspot\src\share\vm\prims\jni.cpp, line 1614]
Event: 7.068 Thread 0x00000000177fd000 Exception <a 'java/lang/NoSuchMethodError': <clinit>> (0x00000000e0da9b40) thrown at [D:\src\AOSP-openjdk-cygwin\jdk8u\hotspot\src\share\vm\prims\jni.cpp, line 1614]
Event: 7.072 Thread 0x00000000177fd000 Exception <a 'java/lang/NoSuchMethodError': <clinit>> (0x00000000e0dc0168) thrown at [D:\src\AOSP-openjdk-cygwin\jdk8u\hotspot\src\share\vm\prims\jni.cpp, line 1614]
Event: 7.086 Thread 0x00000000177fd000 Exception <a 'java/lang/NoSuchMethodError': <clinit>> (0x00000000e0e1d860) thrown at [D:\src\AOSP-openjdk-cygwin\jdk8u\hotspot\src\share\vm\prims\jni.cpp, line 1614]
Event: 7.091 Thread 0x00000000177fd000 Exception <a 'java/lang/NoSuchMethodError': <clinit>> (0x00000000e0e4a6d0) thrown at [D:\src\AOSP-openjdk-cygwin\jdk8u\hotspot\src\share\vm\prims\jni.cpp, line 1614]
Event: 7.095 Thread 0x00000000177fd000 Exception <a 'java/lang/NoSuchMethodError': <clinit>> (0x00000000e0e78678) thrown at [D:\src\AOSP-openjdk-cygwin\jdk8u\hotspot\src\share\vm\prims\jni.cpp, line 1614]
Event: 7.097 Thread 0x00000000177fd000 Exception <a 'java/lang/NoSuchMethodError': <clinit>> (0x00000000e0e83a80) thrown at [D:\src\AOSP-openjdk-cygwin\jdk8u\hotspot\src\share\vm\prims\jni.cpp, line 1614]

Events (10 events):
Event: 7.894 Executing VM operation: Deoptimize
Event: 7.894 Executing VM operation: Deoptimize done
Event: 7.895 loading class com/google/common/collect/LinkedHashMultimap
Event: 7.895 loading class com/google/common/collect/LinkedHashMultimap done
Event: 7.896 loading class com/google/common/collect/LinkedHashMultimapGwtSerializationDependencies
Event: 7.896 loading class com/google/common/collect/LinkedHashMultimapGwtSerializationDependencies done
Event: 7.897 loading class com/google/common/collect/AbstractSetMultimap
Event: 7.897 loading class com/google/common/collect/AbstractSetMultimap done
Event: 7.898 loading class com/google/common/collect/CompactLinkedHashMap
Event: 7.898 loading class com/google/common/collect/CompactLinkedHashMap done


Dynamic libraries:
0x00007ff7bc640000 - 0x00007ff7bc671000 	G:\android\jre\bin\java.exe
0x00007ffc3af20000 - 0x00007ffc3b110000 	C:\WINDOWS\SYSTEM32\ntdll.dll
0x00007ffc3a0d0000 - 0x00007ffc3a182000 	C:\WINDOWS\System32\KERNEL32.DLL
0x00007ffc383b0000 - 0x00007ffc38653000 	C:\WINDOWS\System32\KERNELBASE.dll
0x00007ffc3a660000 - 0x00007ffc3a703000 	C:\WINDOWS\System32\ADVAPI32.dll
0x00007ffc3acd0000 - 0x00007ffc3ad6e000 	C:\WINDOWS\System32\msvcrt.dll
0x00007ffc3ac30000 - 0x00007ffc3acc7000 	C:\WINDOWS\System32\sechost.dll
0x00007ffc38fd0000 - 0x00007ffc390f0000 	C:\WINDOWS\System32\RPCRT4.dll
0x00007ffc39150000 - 0x00007ffc392e4000 	C:\WINDOWS\System32\USER32.dll
0x00007ffc37eb0000 - 0x00007ffc37ed1000 	C:\WINDOWS\System32\win32u.dll
0x00007ffc3ad70000 - 0x00007ffc3ad96000 	C:\WINDOWS\System32\GDI32.dll
0x00007ffc37ee0000 - 0x00007ffc38074000 	C:\WINDOWS\System32\gdi32full.dll
0x00007ffc38310000 - 0x00007ffc383ae000 	C:\WINDOWS\System32\msvcp_win.dll
0x00007ffc386b0000 - 0x00007ffc387aa000 	C:\WINDOWS\System32\ucrtbase.dll
0x00007ffc29bb0000 - 0x00007ffc29e35000 	C:\WINDOWS\WinSxS\amd64_microsoft.windows.common-controls_6595b64144ccf1df_6.0.18362.657_none_e6c5b579130e3898\COMCTL32.dll
0x00007ffc3a8f0000 - 0x00007ffc3ac26000 	C:\WINDOWS\System32\combase.dll
0x00007ffc387d0000 - 0x00007ffc38850000 	C:\WINDOWS\System32\bcryptPrimitives.dll
0x00007ffc3a8c0000 - 0x00007ffc3a8ee000 	C:\WINDOWS\System32\IMM32.DLL
0x0000000061f70000 - 0x0000000062042000 	G:\android\jre\jre\bin\msvcr100.dll
0x0000000062050000 - 0x0000000062896000 	G:\android\jre\jre\bin\server\jvm.dll
0x00007ffc39a60000 - 0x00007ffc39a68000 	C:\WINDOWS\System32\PSAPI.DLL
0x00007ffc312d0000 - 0x00007ffc312f4000 	C:\WINDOWS\SYSTEM32\WINMM.dll
0x00007ffc294d0000 - 0x00007ffc294da000 	C:\WINDOWS\SYSTEM32\VERSION.dll
0x00007ffc20090000 - 0x00007ffc20099000 	C:\WINDOWS\SYSTEM32\WSOCK32.dll
0x00007ffc3ae70000 - 0x00007ffc3aedf000 	C:\WINDOWS\System32\WS2_32.dll
0x00007ffc31470000 - 0x00007ffc3149d000 	C:\WINDOWS\SYSTEM32\WINMMBASE.dll
0x00007ffc38660000 - 0x00007ffc386aa000 	C:\WINDOWS\System32\cfgmgr32.dll
0x00007ffc2c500000 - 0x00007ffc2c50f000 	G:\android\jre\jre\bin\verify.dll
0x00007ffc2b9f0000 - 0x00007ffc2ba19000 	G:\android\jre\jre\bin\java.dll
0x00007ffc2ba40000 - 0x00007ffc2ba56000 	G:\android\jre\jre\bin\zip.dll
0x00007ffc39370000 - 0x00007ffc39a55000 	C:\WINDOWS\System32\SHELL32.dll
0x00007ffc3a190000 - 0x00007ffc3a239000 	C:\WINDOWS\System32\shcore.dll
0x00007ffc38850000 - 0x00007ffc38fcf000 	C:\WINDOWS\System32\windows.storage.dll
0x00007ffc37e90000 - 0x00007ffc37eaf000 	C:\WINDOWS\System32\profapi.dll
0x00007ffc37e20000 - 0x00007ffc37e6a000 	C:\WINDOWS\System32\powrprof.dll
0x00007ffc37df0000 - 0x00007ffc37e00000 	C:\WINDOWS\System32\UMPDC.dll
0x00007ffc390f0000 - 0x00007ffc39142000 	C:\WINDOWS\System32\shlwapi.dll
0x00007ffc37e00000 - 0x00007ffc37e11000 	C:\WINDOWS\System32\kernel.appcore.dll
0x00007ffc387b0000 - 0x00007ffc387c7000 	C:\WINDOWS\System32\cryptsp.dll
0x00007ffc1f980000 - 0x00007ffc1f99a000 	G:\android\jre\jre\bin\net.dll
0x00007ffc37660000 - 0x00007ffc376c7000 	C:\WINDOWS\system32\mswsock.dll
0x00007ffc1c400000 - 0x00007ffc1c411000 	G:\android\jre\jre\bin\nio.dll
0x00007ffc1a680000 - 0x00007ffc1a6a6000 	C:\Users\lenovo\.gradle\native\29\windows-amd64\native-platform.dll
0x00007ffc2c340000 - 0x00007ffc2c34d000 	G:\android\jre\jre\bin\management.dll
0x00007ffc371d0000 - 0x00007ffc37203000 	C:\WINDOWS\system32\rsaenh.dll
0x00007ffc38080000 - 0x00007ffc380a6000 	C:\WINDOWS\System32\bcrypt.dll
0x00007ffc37ce0000 - 0x00007ffc37d05000 	C:\WINDOWS\SYSTEM32\USERENV.dll
0x00007ffc37830000 - 0x00007ffc3783c000 	C:\WINDOWS\SYSTEM32\CRYPTBASE.dll
0x00007ffc37370000 - 0x00007ffc373aa000 	C:\WINDOWS\SYSTEM32\IPHLPAPI.DLL
0x00007ffc39c20000 - 0x00007ffc39c28000 	C:\WINDOWS\System32\NSI.dll
0x00007ffc31100000 - 0x00007ffc31116000 	C:\WINDOWS\SYSTEM32\dhcpcsvc6.DLL
0x00007ffc31850000 - 0x00007ffc3186c000 	C:\WINDOWS\SYSTEM32\dhcpcsvc.DLL
0x00007ffc373b0000 - 0x00007ffc3747a000 	C:\WINDOWS\SYSTEM32\DNSAPI.dll

VM Arguments:
jvm_args: -Xmx1536m -Dfile.encoding=GBK -Duser.country=CN -Duser.language=zh -Duser.variant 
java_command: org.gradle.launcher.daemon.bootstrap.GradleDaemon 5.4.1
java_class_path (initial): C:\Users\lenovo\.gradle\wrapper\dists\gradle-5.4.1-all\3221gyojl5jsh0helicew7rwx\gradle-5.4.1\lib\gradle-launcher-5.4.1.jar
Launcher Type: SUN_STANDARD

Environment Variables:
JAVA_HOME=F:\java\jdk-13_windows-x64_bin\jdk-13
PATH=F:\java\jdk-13_windows-x64_bin\jdk-13\bin;C:\WINDOWS\system32;C:\WINDOWS;C:\WINDOWS\System32\Wbem;C:\WINDOWS\System32\WindowsPowerShell\v1.0\;C:\WINDOWS\System32\OpenSSH\;F:\git_for_windows\Git\cmd;F:\计算机\python\Scripts\;F:\计算机\python\;C:\Users\lenovo\AppData\Local\Microsoft\WindowsApps;F:\计算机\VS\Microsoft VS Code\bin;C:\Users\lenovo\AppData\Local\atom\bin;C:\Users\lenovo\AppData\Local\Microsoft\WindowsApps;;G:\PYCHARM\PyCharm Community Edition 2019.3\bin;
USERNAME=lenovo
OS=Windows_NT
PROCESSOR_IDENTIFIER=Intel64 Family 6 Model 142 Stepping 9, GenuineIntel



---------------  S Y S T E M  ---------------

OS: Windows 10.0 , 64 bit Build 18362 (10.0.18362.329)

CPU:total 4 (initial active 4) (2 cores per cpu, 2 threads per core) family 6 model 142 stepping 9, cmov, cx8, fxsr, mmx, sse, sse2, sse3, ssse3, sse4.1, sse4.2, popcnt, avx, avx2, aes, clmul, erms, 3dnowpref, lzcnt, ht, tsc, tscinvbit, bmi1, bmi2, adx

Memory: 4k page, physical 8096140k(1614408k free), swap 9983372k(6068k free)

vm_info: OpenJDK 64-Bit Server VM (25.202-b03) for windows-amd64 JRE (1.8.0_202-release-1483-b03), built by "builder" with MS VC++ 10.0 (VS2010)

time: Wed Mar 11 14:15:26 2020
timezone: 中国标准时间
elapsed time: 8 seconds (0d 0h 0m 8s)

